NOTE: Picked up JDK_JAVA_OPTIONS:  --add-opens=java.base/java.lang=ALL-UNNAMED --add-opens=java.base/java.io=ALL-UNNAMED --add-opens=java.base/java.util=ALL-UNNAMED --add-opens=java.base/java.util.concurrent=ALL-UNNAMED --add-opens=java.rmi/sun.rmi.transport=ALL-UNNAMED
13-Mar-2024 23:00:28.253 INFO [main] org.apache.catalina.startup.VersionLoggerListener.log Server version name:   Apache Tomcat/9.0.85
13-Mar-2024 23:00:28.259 INFO [main] org.apache.catalina.startup.VersionLoggerListener.log Server built:          Jan 5 2024 08:28:07 UTC
13-Mar-2024 23:00:28.259 INFO [main] org.apache.catalina.startup.VersionLoggerListener.log Server version number: 9.0.85.0
13-Mar-2024 23:00:28.260 INFO [main] org.apache.catalina.startup.VersionLoggerListener.log OS Name:               Linux
13-Mar-2024 23:00:28.260 INFO [main] org.apache.catalina.startup.VersionLoggerListener.log OS Version:            5.14.0-362.24.1.el9_3.x86_64
13-Mar-2024 23:00:28.260 INFO [main] org.apache.catalina.startup.VersionLoggerListener.log Architecture:          amd64
13-Mar-2024 23:00:28.260 INFO [main] org.apache.catalina.startup.VersionLoggerListener.log Java Home:             /usr/lib/jvm/java-17-openjdk-17.0.10.0.7-2.el9.x86_64
13-Mar-2024 23:00:28.260 INFO [main] org.apache.catalina.startup.VersionLoggerListener.log JVM Version:           17.0.10+7-LTS
13-Mar-2024 23:00:28.260 INFO [main] org.apache.catalina.startup.VersionLoggerListener.log JVM Vendor:            Red Hat, Inc.
13-Mar-2024 23:00:28.260 INFO [main] org.apache.catalina.startup.VersionLoggerListener.log CATALINA_BASE:         /home/anup/Jenkins/YEAR2023/TRAINING2023-Sep05-00/apache-tomcat-9.0.85
13-Mar-2024 23:00:28.261 INFO [main] org.apache.catalina.startup.VersionLoggerListener.log CATALINA_HOME:         /home/anup/Jenkins/YEAR2023/TRAINING2023-Sep05-00/apache-tomcat-9.0.85
13-Mar-2024 23:00:28.274 INFO [main] org.apache.catalina.startup.VersionLoggerListener.log Command line argument: --add-opens=java.base/java.lang=ALL-UNNAMED
13-Mar-2024 23:00:28.274 INFO [main] org.apache.catalina.startup.VersionLoggerListener.log Command line argument: --add-opens=java.base/java.io=ALL-UNNAMED
13-Mar-2024 23:00:28.274 INFO [main] org.apache.catalina.startup.VersionLoggerListener.log Command line argument: --add-opens=java.base/java.util=ALL-UNNAMED
13-Mar-2024 23:00:28.274 INFO [main] org.apache.catalina.startup.VersionLoggerListener.log Command line argument: --add-opens=java.base/java.util.concurrent=ALL-UNNAMED
13-Mar-2024 23:00:28.275 INFO [main] org.apache.catalina.startup.VersionLoggerListener.log Command line argument: --add-opens=java.rmi/sun.rmi.transport=ALL-UNNAMED
13-Mar-2024 23:00:28.275 INFO [main] org.apache.catalina.startup.VersionLoggerListener.log Command line argument: -Djava.util.logging.config.file=/home/anup/Jenkins/YEAR2023/TRAINING2023-Sep05-00/tomcat-9/conf/logging.properties
13-Mar-2024 23:00:28.275 INFO [main] org.apache.catalina.startup.VersionLoggerListener.log Command line argument: -Djava.util.logging.manager=org.apache.juli.ClassLoaderLogManager
13-Mar-2024 23:00:28.275 INFO [main] org.apache.catalina.startup.VersionLoggerListener.log Command line argument: -Djdk.tls.ephemeralDHKeySize=2048
13-Mar-2024 23:00:28.275 INFO [main] org.apache.catalina.startup.VersionLoggerListener.log Command line argument: -Djava.protocol.handler.pkgs=org.apache.catalina.webresources
13-Mar-2024 23:00:28.275 INFO [main] org.apache.catalina.startup.VersionLoggerListener.log Command line argument: -Dorg.apache.catalina.security.SecurityListener.UMASK=0027
13-Mar-2024 23:00:28.276 INFO [main] org.apache.catalina.startup.VersionLoggerListener.log Command line argument: -Dignore.endorsed.dirs=
13-Mar-2024 23:00:28.276 INFO [main] org.apache.catalina.startup.VersionLoggerListener.log Command line argument: -Dcatalina.base=/home/anup/Jenkins/YEAR2023/TRAINING2023-Sep05-00/tomcat-9
13-Mar-2024 23:00:28.276 INFO [main] org.apache.catalina.startup.VersionLoggerListener.log Command line argument: -Dcatalina.home=/home/anup/Jenkins/YEAR2023/TRAINING2023-Sep05-00/tomcat-9
13-Mar-2024 23:00:28.276 INFO [main] org.apache.catalina.startup.VersionLoggerListener.log Command line argument: -Djava.io.tmpdir=/home/anup/Jenkins/YEAR2023/TRAINING2023-Sep05-00/tomcat-9/temp
13-Mar-2024 23:00:28.277 INFO [main] org.apache.catalina.core.AprLifecycleListener.lifecycleEvent The Apache Tomcat Native library which allows using OpenSSL was not found on the java.library.path: [/usr/java/packages/lib:/usr/lib64:/lib64:/lib:/usr/lib]
13-Mar-2024 23:00:28.646 INFO [main] org.apache.coyote.AbstractProtocol.init Initializing ProtocolHandler ["http-nio-9090"]
13-Mar-2024 23:00:28.671 INFO [main] org.apache.catalina.startup.Catalina.load Server initialization in [639] milliseconds
13-Mar-2024 23:00:28.708 INFO [main] org.apache.catalina.core.StandardService.startInternal Starting service [Catalina]
13-Mar-2024 23:00:28.709 INFO [main] org.apache.catalina.core.StandardEngine.startInternal Starting Servlet engine: [Apache Tomcat/9.0.85]
13-Mar-2024 23:00:28.715 INFO [main] org.apache.catalina.startup.HostConfig.deployDirectory Deploying web application directory [/home/anup/Jenkins/YEAR2023/TRAINING2023-Sep05-00/apache-tomcat-9.0.85/webapps/ROOT]
13-Mar-2024 23:00:28.932 INFO [main] org.apache.catalina.startup.HostConfig.deployDirectory Deployment of web application directory [/home/anup/Jenkins/YEAR2023/TRAINING2023-Sep05-00/apache-tomcat-9.0.85/webapps/ROOT] has finished in [215] ms
13-Mar-2024 23:00:28.932 INFO [main] org.apache.catalina.startup.HostConfig.deployDirectory Deploying web application directory [/home/anup/Jenkins/YEAR2023/TRAINING2023-Sep05-00/apache-tomcat-9.0.85/webapps/docs]
13-Mar-2024 23:00:28.953 INFO [main] org.apache.catalina.startup.HostConfig.deployDirectory Deployment of web application directory [/home/anup/Jenkins/YEAR2023/TRAINING2023-Sep05-00/apache-tomcat-9.0.85/webapps/docs] has finished in [21] ms
13-Mar-2024 23:00:28.954 INFO [main] org.apache.catalina.startup.HostConfig.deployDirectory Deploying web application directory [/home/anup/Jenkins/YEAR2023/TRAINING2023-Sep05-00/apache-tomcat-9.0.85/webapps/examples]
13-Mar-2024 23:00:29.218 INFO [main] org.apache.catalina.startup.HostConfig.deployDirectory Deployment of web application directory [/home/anup/Jenkins/YEAR2023/TRAINING2023-Sep05-00/apache-tomcat-9.0.85/webapps/examples] has finished in [264] ms
13-Mar-2024 23:00:29.219 INFO [main] org.apache.catalina.startup.HostConfig.deployDirectory Deploying web application directory [/home/anup/Jenkins/YEAR2023/TRAINING2023-Sep05-00/apache-tomcat-9.0.85/webapps/host-manager]
13-Mar-2024 23:00:29.233 INFO [main] org.apache.catalina.startup.HostConfig.deployDirectory Deployment of web application directory [/home/anup/Jenkins/YEAR2023/TRAINING2023-Sep05-00/apache-tomcat-9.0.85/webapps/host-manager] has finished in [14] ms
13-Mar-2024 23:00:29.234 INFO [main] org.apache.catalina.startup.HostConfig.deployDirectory Deploying web application directory [/home/anup/Jenkins/YEAR2023/TRAINING2023-Sep05-00/apache-tomcat-9.0.85/webapps/manager]
13-Mar-2024 23:00:29.245 INFO [main] org.apache.catalina.startup.HostConfig.deployDirectory Deployment of web application directory [/home/anup/Jenkins/YEAR2023/TRAINING2023-Sep05-00/apache-tomcat-9.0.85/webapps/manager] has finished in [11] ms
13-Mar-2024 23:00:29.248 INFO [main] org.apache.coyote.AbstractProtocol.start Starting ProtocolHandler ["http-nio-9090"]
13-Mar-2024 23:00:29.284 INFO [main] org.apache.catalina.startup.Catalina.start Server startup in [612] milliseconds
13-Mar-2024 23:07:36.293 INFO [main] org.apache.catalina.core.StandardServer.await A valid shutdown command was received via the shutdown port. Stopping the Server instance.
13-Mar-2024 23:07:36.294 INFO [main] org.apache.coyote.AbstractProtocol.pause Pausing ProtocolHandler ["http-nio-9090"]
13-Mar-2024 23:07:36.300 INFO [main] org.apache.catalina.core.StandardService.stopInternal Stopping service [Catalina]
13-Mar-2024 23:07:36.362 INFO [main] org.apache.coyote.AbstractProtocol.stop Stopping ProtocolHandler ["http-nio-9090"]
13-Mar-2024 23:07:36.377 INFO [main] org.apache.coyote.AbstractProtocol.destroy Destroying ProtocolHandler ["http-nio-9090"]
NOTE: Picked up JDK_JAVA_OPTIONS:  --add-opens=java.base/java.lang=ALL-UNNAMED --add-opens=java.base/java.io=ALL-UNNAMED --add-opens=java.base/java.util=ALL-UNNAMED --add-opens=java.base/java.util.concurrent=ALL-UNNAMED --add-opens=java.rmi/sun.rmi.transport=ALL-UNNAMED
13-Mar-2024 23:07:47.455 INFO [main] org.apache.catalina.startup.VersionLoggerListener.log Server version name:   Apache Tomcat/9.0.85
13-Mar-2024 23:07:47.457 INFO [main] org.apache.catalina.startup.VersionLoggerListener.log Server built:          Jan 5 2024 08:28:07 UTC
13-Mar-2024 23:07:47.457 INFO [main] org.apache.catalina.startup.VersionLoggerListener.log Server version number: 9.0.85.0
13-Mar-2024 23:07:47.458 INFO [main] org.apache.catalina.startup.VersionLoggerListener.log OS Name:               Linux
13-Mar-2024 23:07:47.458 INFO [main] org.apache.catalina.startup.VersionLoggerListener.log OS Version:            5.14.0-362.24.1.el9_3.x86_64
13-Mar-2024 23:07:47.458 INFO [main] org.apache.catalina.startup.VersionLoggerListener.log Architecture:          amd64
13-Mar-2024 23:07:47.458 INFO [main] org.apache.catalina.startup.VersionLoggerListener.log Java Home:             /usr/lib/jvm/java-17-openjdk-17.0.10.0.7-2.el9.x86_64
13-Mar-2024 23:07:47.458 INFO [main] org.apache.catalina.startup.VersionLoggerListener.log JVM Version:           17.0.10+7-LTS
13-Mar-2024 23:07:47.458 INFO [main] org.apache.catalina.startup.VersionLoggerListener.log JVM Vendor:            Red Hat, Inc.
13-Mar-2024 23:07:47.458 INFO [main] org.apache.catalina.startup.VersionLoggerListener.log CATALINA_BASE:         /home/anup/Jenkins/YEAR2023/TRAINING2023-Sep05-00/apache-tomcat-9.0.85
13-Mar-2024 23:07:47.459 INFO [main] org.apache.catalina.startup.VersionLoggerListener.log CATALINA_HOME:         /home/anup/Jenkins/YEAR2023/TRAINING2023-Sep05-00/apache-tomcat-9.0.85
13-Mar-2024 23:07:47.472 INFO [main] org.apache.catalina.startup.VersionLoggerListener.log Command line argument: --add-opens=java.base/java.lang=ALL-UNNAMED
13-Mar-2024 23:07:47.472 INFO [main] org.apache.catalina.startup.VersionLoggerListener.log Command line argument: --add-opens=java.base/java.io=ALL-UNNAMED
13-Mar-2024 23:07:47.473 INFO [main] org.apache.catalina.startup.VersionLoggerListener.log Command line argument: --add-opens=java.base/java.util=ALL-UNNAMED
13-Mar-2024 23:07:47.474 INFO [main] org.apache.catalina.startup.VersionLoggerListener.log Command line argument: --add-opens=java.base/java.util.concurrent=ALL-UNNAMED
13-Mar-2024 23:07:47.474 INFO [main] org.apache.catalina.startup.VersionLoggerListener.log Command line argument: --add-opens=java.rmi/sun.rmi.transport=ALL-UNNAMED
13-Mar-2024 23:07:47.474 INFO [main] org.apache.catalina.startup.VersionLoggerListener.log Command line argument: -Djava.util.logging.config.file=/home/anup/Jenkins/YEAR2023/TRAINING2023-Sep05-00/tomcat-9/conf/logging.properties
13-Mar-2024 23:07:47.475 INFO [main] org.apache.catalina.startup.VersionLoggerListener.log Command line argument: -Djava.util.logging.manager=org.apache.juli.ClassLoaderLogManager
13-Mar-2024 23:07:47.475 INFO [main] org.apache.catalina.startup.VersionLoggerListener.log Command line argument: -Djdk.tls.ephemeralDHKeySize=2048
13-Mar-2024 23:07:47.476 INFO [main] org.apache.catalina.startup.VersionLoggerListener.log Command line argument: -Djava.protocol.handler.pkgs=org.apache.catalina.webresources
13-Mar-2024 23:07:47.476 INFO [main] org.apache.catalina.startup.VersionLoggerListener.log Command line argument: -Dorg.apache.catalina.security.SecurityListener.UMASK=0027
13-Mar-2024 23:07:47.476 INFO [main] org.apache.catalina.startup.VersionLoggerListener.log Command line argument: -Dignore.endorsed.dirs=
13-Mar-2024 23:07:47.477 INFO [main] org.apache.catalina.startup.VersionLoggerListener.log Command line argument: -Dcatalina.base=/home/anup/Jenkins/YEAR2023/TRAINING2023-Sep05-00/tomcat-9
13-Mar-2024 23:07:47.477 INFO [main] org.apache.catalina.startup.VersionLoggerListener.log Command line argument: -Dcatalina.home=/home/anup/Jenkins/YEAR2023/TRAINING2023-Sep05-00/tomcat-9
13-Mar-2024 23:07:47.477 INFO [main] org.apache.catalina.startup.VersionLoggerListener.log Command line argument: -Djava.io.tmpdir=/home/anup/Jenkins/YEAR2023/TRAINING2023-Sep05-00/tomcat-9/temp
13-Mar-2024 23:07:47.479 INFO [main] org.apache.catalina.core.AprLifecycleListener.lifecycleEvent The Apache Tomcat Native library which allows using OpenSSL was not found on the java.library.path: [/usr/java/packages/lib:/usr/lib64:/lib64:/lib:/usr/lib]
13-Mar-2024 23:07:47.730 INFO [main] org.apache.coyote.AbstractProtocol.init Initializing ProtocolHandler ["http-nio-9090"]
13-Mar-2024 23:07:47.750 INFO [main] org.apache.catalina.startup.Catalina.load Server initialization in [431] milliseconds
13-Mar-2024 23:07:47.784 INFO [main] org.apache.catalina.core.StandardService.startInternal Starting service [Catalina]
13-Mar-2024 23:07:47.784 INFO [main] org.apache.catalina.core.StandardEngine.startInternal Starting Servlet engine: [Apache Tomcat/9.0.85]
13-Mar-2024 23:07:47.790 INFO [main] org.apache.catalina.startup.HostConfig.deployDirectory Deploying web application directory [/home/anup/Jenkins/YEAR2023/TRAINING2023-Sep05-00/apache-tomcat-9.0.85/webapps/ROOT]
13-Mar-2024 23:07:47.958 INFO [main] org.apache.catalina.startup.HostConfig.deployDirectory Deployment of web application directory [/home/anup/Jenkins/YEAR2023/TRAINING2023-Sep05-00/apache-tomcat-9.0.85/webapps/ROOT] has finished in [168] ms
13-Mar-2024 23:07:47.959 INFO [main] org.apache.catalina.startup.HostConfig.deployDirectory Deploying web application directory [/home/anup/Jenkins/YEAR2023/TRAINING2023-Sep05-00/apache-tomcat-9.0.85/webapps/docs]
13-Mar-2024 23:07:48.003 INFO [main] org.apache.catalina.startup.HostConfig.deployDirectory Deployment of web application directory [/home/anup/Jenkins/YEAR2023/TRAINING2023-Sep05-00/apache-tomcat-9.0.85/webapps/docs] has finished in [44] ms
13-Mar-2024 23:07:48.004 INFO [main] org.apache.catalina.startup.HostConfig.deployDirectory Deploying web application directory [/home/anup/Jenkins/YEAR2023/TRAINING2023-Sep05-00/apache-tomcat-9.0.85/webapps/examples]
13-Mar-2024 23:07:48.143 INFO [main] org.apache.catalina.startup.HostConfig.deployDirectory Deployment of web application directory [/home/anup/Jenkins/YEAR2023/TRAINING2023-Sep05-00/apache-tomcat-9.0.85/webapps/examples] has finished in [140] ms
13-Mar-2024 23:07:48.143 INFO [main] org.apache.catalina.startup.HostConfig.deployDirectory Deploying web application directory [/home/anup/Jenkins/YEAR2023/TRAINING2023-Sep05-00/apache-tomcat-9.0.85/webapps/host-manager]
13-Mar-2024 23:07:48.154 INFO [main] org.apache.catalina.startup.HostConfig.deployDirectory Deployment of web application directory [/home/anup/Jenkins/YEAR2023/TRAINING2023-Sep05-00/apache-tomcat-9.0.85/webapps/host-manager] has finished in [11] ms
13-Mar-2024 23:07:48.155 INFO [main] org.apache.catalina.startup.HostConfig.deployDirectory Deploying web application directory [/home/anup/Jenkins/YEAR2023/TRAINING2023-Sep05-00/apache-tomcat-9.0.85/webapps/manager]
13-Mar-2024 23:07:48.187 INFO [main] org.apache.catalina.startup.HostConfig.deployDirectory Deployment of web application directory [/home/anup/Jenkins/YEAR2023/TRAINING2023-Sep05-00/apache-tomcat-9.0.85/webapps/manager] has finished in [31] ms
13-Mar-2024 23:07:48.189 INFO [main] org.apache.coyote.AbstractProtocol.start Starting ProtocolHandler ["http-nio-9090"]
13-Mar-2024 23:07:48.198 INFO [main] org.apache.catalina.startup.Catalina.start Server startup in [447] milliseconds
13-Mar-2024 23:09:50.365 INFO [main] org.apache.catalina.core.StandardServer.await A valid shutdown command was received via the shutdown port. Stopping the Server instance.
13-Mar-2024 23:09:50.366 INFO [main] org.apache.coyote.AbstractProtocol.pause Pausing ProtocolHandler ["http-nio-9090"]
13-Mar-2024 23:09:50.369 INFO [main] org.apache.catalina.core.StandardService.stopInternal Stopping service [Catalina]
13-Mar-2024 23:09:50.425 INFO [main] org.apache.coyote.AbstractProtocol.stop Stopping ProtocolHandler ["http-nio-9090"]
13-Mar-2024 23:09:50.444 INFO [main] org.apache.coyote.AbstractProtocol.destroy Destroying ProtocolHandler ["http-nio-9090"]
NOTE: Picked up JDK_JAVA_OPTIONS:  --add-opens=java.base/java.lang=ALL-UNNAMED --add-opens=java.base/java.io=ALL-UNNAMED --add-opens=java.base/java.util=ALL-UNNAMED --add-opens=java.base/java.util.concurrent=ALL-UNNAMED --add-opens=java.rmi/sun.rmi.transport=ALL-UNNAMED
13-Mar-2024 23:12:23.120 INFO [main] org.apache.catalina.startup.VersionLoggerListener.log Server version name:   Apache Tomcat/9.0.85
13-Mar-2024 23:12:23.123 INFO [main] org.apache.catalina.startup.VersionLoggerListener.log Server built:          Jan 5 2024 08:28:07 UTC
13-Mar-2024 23:12:23.123 INFO [main] org.apache.catalina.startup.VersionLoggerListener.log Server version number: 9.0.85.0
13-Mar-2024 23:12:23.123 INFO [main] org.apache.catalina.startup.VersionLoggerListener.log OS Name:               Linux
13-Mar-2024 23:12:23.123 INFO [main] org.apache.catalina.startup.VersionLoggerListener.log OS Version:            5.14.0-362.24.1.el9_3.x86_64
13-Mar-2024 23:12:23.123 INFO [main] org.apache.catalina.startup.VersionLoggerListener.log Architecture:          amd64
13-Mar-2024 23:12:23.124 INFO [main] org.apache.catalina.startup.VersionLoggerListener.log Java Home:             /usr/lib/jvm/java-17-openjdk-17.0.10.0.7-2.el9.x86_64
13-Mar-2024 23:12:23.124 INFO [main] org.apache.catalina.startup.VersionLoggerListener.log JVM Version:           17.0.10+7-LTS
13-Mar-2024 23:12:23.124 INFO [main] org.apache.catalina.startup.VersionLoggerListener.log JVM Vendor:            Red Hat, Inc.
13-Mar-2024 23:12:23.124 INFO [main] org.apache.catalina.startup.VersionLoggerListener.log CATALINA_BASE:         /home/anup/Jenkins/YEAR2023/TRAINING2023-Sep05-00/apache-tomcat-9.0.85
13-Mar-2024 23:12:23.124 INFO [main] org.apache.catalina.startup.VersionLoggerListener.log CATALINA_HOME:         /home/anup/Jenkins/YEAR2023/TRAINING2023-Sep05-00/apache-tomcat-9.0.85
13-Mar-2024 23:12:23.133 INFO [main] org.apache.catalina.startup.VersionLoggerListener.log Command line argument: --add-opens=java.base/java.lang=ALL-UNNAMED
13-Mar-2024 23:12:23.136 INFO [main] org.apache.catalina.startup.VersionLoggerListener.log Command line argument: --add-opens=java.base/java.io=ALL-UNNAMED
13-Mar-2024 23:12:23.137 INFO [main] org.apache.catalina.startup.VersionLoggerListener.log Command line argument: --add-opens=java.base/java.util=ALL-UNNAMED
13-Mar-2024 23:12:23.137 INFO [main] org.apache.catalina.startup.VersionLoggerListener.log Command line argument: --add-opens=java.base/java.util.concurrent=ALL-UNNAMED
13-Mar-2024 23:12:23.137 INFO [main] org.apache.catalina.startup.VersionLoggerListener.log Command line argument: --add-opens=java.rmi/sun.rmi.transport=ALL-UNNAMED
13-Mar-2024 23:12:23.138 INFO [main] org.apache.catalina.startup.VersionLoggerListener.log Command line argument: -Djava.util.logging.config.file=/home/anup/Jenkins/YEAR2023/TRAINING2023-Sep05-00/tomcat-9/conf/logging.properties
13-Mar-2024 23:12:23.138 INFO [main] org.apache.catalina.startup.VersionLoggerListener.log Command line argument: -Djava.util.logging.manager=org.apache.juli.ClassLoaderLogManager
13-Mar-2024 23:12:23.139 INFO [main] org.apache.catalina.startup.VersionLoggerListener.log Command line argument: -Djdk.tls.ephemeralDHKeySize=2048
13-Mar-2024 23:12:23.139 INFO [main] org.apache.catalina.startup.VersionLoggerListener.log Command line argument: -Djava.protocol.handler.pkgs=org.apache.catalina.webresources
13-Mar-2024 23:12:23.139 INFO [main] org.apache.catalina.startup.VersionLoggerListener.log Command line argument: -Dorg.apache.catalina.security.SecurityListener.UMASK=0027
13-Mar-2024 23:12:23.139 INFO [main] org.apache.catalina.startup.VersionLoggerListener.log Command line argument: -Dignore.endorsed.dirs=
13-Mar-2024 23:12:23.140 INFO [main] org.apache.catalina.startup.VersionLoggerListener.log Command line argument: -Dcatalina.base=/home/anup/Jenkins/YEAR2023/TRAINING2023-Sep05-00/tomcat-9
13-Mar-2024 23:12:23.140 INFO [main] org.apache.catalina.startup.VersionLoggerListener.log Command line argument: -Dcatalina.home=/home/anup/Jenkins/YEAR2023/TRAINING2023-Sep05-00/tomcat-9
13-Mar-2024 23:12:23.141 INFO [main] org.apache.catalina.startup.VersionLoggerListener.log Command line argument: -Djava.io.tmpdir=/home/anup/Jenkins/YEAR2023/TRAINING2023-Sep05-00/tomcat-9/temp
13-Mar-2024 23:12:23.143 INFO [main] org.apache.catalina.core.AprLifecycleListener.lifecycleEvent The Apache Tomcat Native library which allows using OpenSSL was not found on the java.library.path: [/usr/java/packages/lib:/usr/lib64:/lib64:/lib:/usr/lib]
13-Mar-2024 23:12:23.362 INFO [main] org.apache.coyote.AbstractProtocol.init Initializing ProtocolHandler ["http-nio-9090"]
13-Mar-2024 23:12:23.382 INFO [main] org.apache.catalina.startup.Catalina.load Server initialization in [399] milliseconds
13-Mar-2024 23:12:23.408 INFO [main] org.apache.catalina.core.StandardService.startInternal Starting service [Catalina]
13-Mar-2024 23:12:23.409 INFO [main] org.apache.catalina.core.StandardEngine.startInternal Starting Servlet engine: [Apache Tomcat/9.0.85]
13-Mar-2024 23:12:23.414 INFO [main] org.apache.catalina.startup.HostConfig.deployDirectory Deploying web application directory [/home/anup/Jenkins/YEAR2023/TRAINING2023-Sep05-00/apache-tomcat-9.0.85/webapps/ROOT]
13-Mar-2024 23:12:23.574 INFO [main] org.apache.catalina.startup.HostConfig.deployDirectory Deployment of web application directory [/home/anup/Jenkins/YEAR2023/TRAINING2023-Sep05-00/apache-tomcat-9.0.85/webapps/ROOT] has finished in [160] ms
13-Mar-2024 23:12:23.575 INFO [main] org.apache.catalina.startup.HostConfig.deployDirectory Deploying web application directory [/home/anup/Jenkins/YEAR2023/TRAINING2023-Sep05-00/apache-tomcat-9.0.85/webapps/docs]
13-Mar-2024 23:12:23.592 INFO [main] org.apache.catalina.startup.HostConfig.deployDirectory Deployment of web application directory [/home/anup/Jenkins/YEAR2023/TRAINING2023-Sep05-00/apache-tomcat-9.0.85/webapps/docs] has finished in [17] ms
13-Mar-2024 23:12:23.592 INFO [main] org.apache.catalina.startup.HostConfig.deployDirectory Deploying web application directory [/home/anup/Jenkins/YEAR2023/TRAINING2023-Sep05-00/apache-tomcat-9.0.85/webapps/examples]
13-Mar-2024 23:12:23.725 INFO [main] org.apache.catalina.startup.HostConfig.deployDirectory Deployment of web application directory [/home/anup/Jenkins/YEAR2023/TRAINING2023-Sep05-00/apache-tomcat-9.0.85/webapps/examples] has finished in [133] ms
13-Mar-2024 23:12:23.726 INFO [main] org.apache.catalina.startup.HostConfig.deployDirectory Deploying web application directory [/home/anup/Jenkins/YEAR2023/TRAINING2023-Sep05-00/apache-tomcat-9.0.85/webapps/host-manager]
13-Mar-2024 23:12:23.736 INFO [main] org.apache.catalina.startup.HostConfig.deployDirectory Deployment of web application directory [/home/anup/Jenkins/YEAR2023/TRAINING2023-Sep05-00/apache-tomcat-9.0.85/webapps/host-manager] has finished in [11] ms
13-Mar-2024 23:12:23.736 INFO [main] org.apache.catalina.startup.HostConfig.deployDirectory Deploying web application directory [/home/anup/Jenkins/YEAR2023/TRAINING2023-Sep05-00/apache-tomcat-9.0.85/webapps/manager]
13-Mar-2024 23:12:23.761 INFO [main] org.apache.catalina.startup.HostConfig.deployDirectory Deployment of web application directory [/home/anup/Jenkins/YEAR2023/TRAINING2023-Sep05-00/apache-tomcat-9.0.85/webapps/manager] has finished in [25] ms
13-Mar-2024 23:12:23.764 INFO [main] org.apache.coyote.AbstractProtocol.start Starting ProtocolHandler ["http-nio-9090"]
13-Mar-2024 23:12:23.802 INFO [main] org.apache.catalina.startup.Catalina.start Server startup in [419] milliseconds
